<?xml version="1.0" encoding="UTF-8"?>
<!-- Generated by org.testng.reporters.JUnitReportReporter -->
<testsuite hostname="DESKTOP-3BU923C" failures="0" tests="1" name="ORG.org_2" time="0.001" errors="0" timestamp="2022-08-02T17:30:02 IST" skipped="0">
  <testcase classname="ORG.org_2" name="run2233" time="0.001"/>
  <system-out/>
</testsuite> <!-- ORG.org_2 -->
