<?xml version="1.0" encoding="UTF-8"?>
<!-- Generated by org.testng.reporters.JUnitReportReporter -->
<testsuite hostname="DESKTOP-3BU923C" failures="0" tests="1" name="git1.Git_2" time="0.009" errors="0" timestamp="2022-08-02T17:30:02 IST" skipped="0">
  <testcase classname="git1.Git_2" name="run" time="0.009"/>
  <system-out/>
</testsuite> <!-- git1.Git_2 -->
